[debug] [2018-08-19T17:32:12.753Z] ----------------------------------------------------------------------
[debug] [2018-08-19T17:32:12.758Z] Command:       /usr/local/bin/node /usr/local/bin/firebase deploy
[debug] [2018-08-19T17:32:12.758Z] CLI Version:   4.1.2
[debug] [2018-08-19T17:32:12.758Z] Platform:      darwin
[debug] [2018-08-19T17:32:12.758Z] Node Version:  v10.8.0
[debug] [2018-08-19T17:32:12.760Z] Time:          Sun Aug 19 2018 23:02:12 GMT+0530 (India Standard Time)
[debug] [2018-08-19T17:32:12.760Z] ----------------------------------------------------------------------
[debug] 
[debug] [2018-08-19T17:32:12.776Z] > command requires scopes: ["email","openid","https://www.googleapis.com/auth/cloudplatformprojects.readonly","https://www.googleapis.com/auth/firebase","https://www.googleapis.com/auth/cloud-platform"]
[debug] [2018-08-19T17:32:12.777Z] > authorizing via signed-in user
[debug] [2018-08-19T17:32:12.779Z] >>> HTTP REQUEST GET https://admin.firebase.com/v1/projects/bhav-at  
 
[debug] [2018-08-19T17:32:14.011Z] <<< HTTP RESPONSE 200
[info] 
[info] === Deploying to 'bhav-at'...
[info] 
[info] i  deploying functions, hosting
[debug] [2018-08-19T17:32:15.833Z] > [functions] package.json contents: {
  "name": "functions",
  "description": "Cloud Functions for Firebase",
  "scripts": {
    "serve": "firebase serve --only functions",
    "shell": "firebase functions:shell",
    "start": "npm run shell",
    "deploy": "firebase deploy --only functions",
    "logs": "firebase functions:log"
  },
  "dependencies": {
    "firebase-admin": "~6.0.0",
    "firebase-functions": "^2.0.3"
  },
  "private": true
}
[info] i  functions: ensuring necessary APIs are enabled...
[debug] [2018-08-19T17:32:15.834Z] >>> HTTP REQUEST GET https://servicemanagement.googleapis.com/v1/services/cloudfunctions.googleapis.com/projectSettings/bhav-at?view=CONSUMER_VIEW  
 
[debug] [2018-08-19T17:32:15.835Z] >>> HTTP REQUEST GET https://servicemanagement.googleapis.com/v1/services/runtimeconfig.googleapis.com/projectSettings/bhav-at?view=CONSUMER_VIEW  
 
[debug] [2018-08-19T17:32:18.034Z] <<< HTTP RESPONSE 200
[debug] [2018-08-19T17:32:18.063Z] <<< HTTP RESPONSE 200
[info] ✔  functions: all necessary APIs are enabled
[debug] [2018-08-19T17:32:18.064Z] >>> HTTP REQUEST GET https://cloudresourcemanager.googleapis.com/v1/projects/bhav-at  
 
[debug] [2018-08-19T17:32:19.588Z] <<< HTTP RESPONSE 200
[debug] [2018-08-19T17:32:19.589Z] >>> HTTP REQUEST GET https://mobilesdk-pa.googleapis.com/v1/projects/299882643916:getServerAppConfig  
 
[debug] [2018-08-19T17:32:20.469Z] <<< HTTP RESPONSE 200
[debug] [2018-08-19T17:32:20.470Z] >>> HTTP REQUEST POST https://firebasehosting.googleapis.com/v1beta1/sites/bhav-at/versions  

[debug] [2018-08-19T17:32:22.561Z] <<< HTTP RESPONSE 200
[info] i  functions: preparing functions directory for uploading...
[debug] [2018-08-19T17:32:22.563Z] >>> HTTP REQUEST GET https://runtimeconfig.googleapis.com/v1beta1/projects/bhav-at/configs  
 
